{"D:\\Ingenieria de Sofware\\Semestre 7\\Proyecto de Software\\Proyecto_Ibero\\server\\controllers\\inventoryMovementController.js": {"path":"D:\\Ingenieria de Sofware\\Semestre 7\\Proyecto de Software\\Proyecto_Ibero\\server\\controllers\\inventoryMovementController.js","statementMap":{"0":{"start":{"line":5,"column":37},"end":{"line":21,"column":1}},"1":{"start":{"line":6,"column":2},"end":{"line":20,"column":3}},"2":{"start":{"line":7,"column":31},"end":{"line":9,"column":26}},"3":{"start":{"line":10,"column":4},"end":{"line":14,"column":5}},"4":{"start":{"line":11,"column":6},"end":{"line":13,"column":72}},"5":{"start":{"line":15,"column":4},"end":{"line":15,"column":52}},"6":{"start":{"line":17,"column":4},"end":{"line":19,"column":73}},"7":{"start":{"line":24,"column":40},"end":{"line":42,"column":1}},"8":{"start":{"line":25,"column":2},"end":{"line":41,"column":3}},"9":{"start":{"line":26,"column":37},"end":{"line":26,"column":47}},"10":{"start":{"line":27,"column":30},"end":{"line":29,"column":37}},"11":{"start":{"line":30,"column":4},"end":{"line":34,"column":5}},"12":{"start":{"line":31,"column":6},"end":{"line":33,"column":72}},"13":{"start":{"line":35,"column":4},"end":{"line":35,"column":51}},"14":{"start":{"line":37,"column":4},"end":{"line":37,"column":25}},"15":{"start":{"line":38,"column":4},"end":{"line":40,"column":71}},"16":{"start":{"line":45,"column":39},"end":{"line":124,"column":1}},"17":{"start":{"line":46,"column":2},"end":{"line":123,"column":3}},"18":{"start":{"line":47,"column":4},"end":{"line":47,"column":26}},"19":{"start":{"line":55,"column":8},"end":{"line":55,"column":16}},"20":{"start":{"line":56,"column":20},"end":{"line":56,"column":31}},"21":{"start":{"line":58,"column":4},"end":{"line":70,"column":5}},"22":{"start":{"line":67,"column":6},"end":{"line":69,"column":62}},"23":{"start":{"line":72,"column":38},"end":{"line":74,"column":6}},"24":{"start":{"line":75,"column":4},"end":{"line":81,"column":5}},"25":{"start":{"line":76,"column":6},"end":{"line":80,"column":11}},"26":{"start":{"line":85,"column":20},"end":{"line":85,"column":60}},"27":{"start":{"line":87,"column":4},"end":{"line":89,"column":5}},"28":{"start":{"line":88,"column":6},"end":{"line":88,"column":75}},"29":{"start":{"line":91,"column":4},"end":{"line":103,"column":5}},"30":{"start":{"line":92,"column":6},"end":{"line":92,"column":32}},"31":{"start":{"line":93,"column":11},"end":{"line":103,"column":5}},"32":{"start":{"line":97,"column":6},"end":{"line":101,"column":7}},"33":{"start":{"line":98,"column":8},"end":{"line":100,"column":10}},"34":{"start":{"line":102,"column":6},"end":{"line":102,"column":32}},"35":{"start":{"line":105,"column":4},"end":{"line":105,"column":25}},"36":{"start":{"line":107,"column":30},"end":{"line":115,"column":6}},"37":{"start":{"line":116,"column":4},"end":{"line":116,"column":35}},"38":{"start":{"line":117,"column":4},"end":{"line":117,"column":51}},"39":{"start":{"line":119,"column":4},"end":{"line":119,"column":25}},"40":{"start":{"line":120,"column":4},"end":{"line":122,"column":69}},"41":{"start":{"line":127,"column":39},"end":{"line":231,"column":1}},"42":{"start":{"line":128,"column":2},"end":{"line":230,"column":3}},"43":{"start":{"line":129,"column":37},"end":{"line":129,"column":47}},"44":{"start":{"line":130,"column":71},"end":{"line":130,"column":79}},"45":{"start":{"line":132,"column":4},"end":{"line":145,"column":5}},"46":{"start":{"line":140,"column":6},"end":{"line":144,"column":11}},"47":{"start":{"line":147,"column":30},"end":{"line":149,"column":6}},"48":{"start":{"line":150,"column":4},"end":{"line":154,"column":5}},"49":{"start":{"line":151,"column":6},"end":{"line":153,"column":72}},"50":{"start":{"line":156,"column":17},"end":{"line":156,"column":45}},"51":{"start":{"line":158,"column":4},"end":{"line":162,"column":5}},"52":{"start":{"line":159,"column":6},"end":{"line":161,"column":80}},"53":{"start":{"line":164,"column":4},"end":{"line":168,"column":5}},"54":{"start":{"line":165,"column":6},"end":{"line":167,"column":79}},"55":{"start":{"line":171,"column":4},"end":{"line":183,"column":6}},"56":{"start":{"line":173,"column":24},"end":{"line":173,"column":70}},"57":{"start":{"line":174,"column":8},"end":{"line":181,"column":9}},"58":{"start":{"line":175,"column":10},"end":{"line":179,"column":11}},"59":{"start":{"line":176,"column":12},"end":{"line":176,"column":43}},"60":{"start":{"line":177,"column":17},"end":{"line":179,"column":11}},"61":{"start":{"line":178,"column":12},"end":{"line":178,"column":43}},"62":{"start":{"line":180,"column":10},"end":{"line":180,"column":31}},"63":{"start":{"line":186,"column":4},"end":{"line":214,"column":6}},"64":{"start":{"line":188,"column":8},"end":{"line":192,"column":9}},"65":{"start":{"line":189,"column":10},"end":{"line":191,"column":12}},"66":{"start":{"line":194,"column":24},"end":{"line":194,"column":70}},"67":{"start":{"line":195,"column":8},"end":{"line":199,"column":9}},"68":{"start":{"line":196,"column":10},"end":{"line":198,"column":12}},"69":{"start":{"line":201,"column":8},"end":{"line":210,"column":9}},"70":{"start":{"line":202,"column":10},"end":{"line":202,"column":41}},"71":{"start":{"line":203,"column":15},"end":{"line":210,"column":9}},"72":{"start":{"line":204,"column":10},"end":{"line":208,"column":11}},"73":{"start":{"line":205,"column":12},"end":{"line":207,"column":14}},"74":{"start":{"line":209,"column":10},"end":{"line":209,"column":41}},"75":{"start":{"line":212,"column":8},"end":{"line":212,"column":29}},"76":{"start":{"line":216,"column":4},"end":{"line":216,"column":66}},"77":{"start":{"line":217,"column":4},"end":{"line":217,"column":36}},"78":{"start":{"line":218,"column":4},"end":{"line":218,"column":44}},"79":{"start":{"line":219,"column":4},"end":{"line":219,"column":44}},"80":{"start":{"line":220,"column":4},"end":{"line":220,"column":48}},"81":{"start":{"line":221,"column":4},"end":{"line":221,"column":40}},"82":{"start":{"line":223,"column":4},"end":{"line":223,"column":35}},"83":{"start":{"line":224,"column":4},"end":{"line":224,"column":51}},"84":{"start":{"line":226,"column":4},"end":{"line":226,"column":25}},"85":{"start":{"line":227,"column":4},"end":{"line":229,"column":74}},"86":{"start":{"line":234,"column":39},"end":{"line":274,"column":1}},"87":{"start":{"line":235,"column":2},"end":{"line":273,"column":3}},"88":{"start":{"line":236,"column":37},"end":{"line":236,"column":47}},"89":{"start":{"line":237,"column":30},"end":{"line":239,"column":6}},"90":{"start":{"line":241,"column":4},"end":{"line":245,"column":5}},"91":{"start":{"line":242,"column":6},"end":{"line":244,"column":72}},"92":{"start":{"line":248,"column":4},"end":{"line":260,"column":6}},"93":{"start":{"line":250,"column":24},"end":{"line":250,"column":70}},"94":{"start":{"line":251,"column":8},"end":{"line":258,"column":9}},"95":{"start":{"line":252,"column":10},"end":{"line":256,"column":11}},"96":{"start":{"line":253,"column":12},"end":{"line":253,"column":43}},"97":{"start":{"line":254,"column":17},"end":{"line":256,"column":11}},"98":{"start":{"line":255,"column":12},"end":{"line":255,"column":43}},"99":{"start":{"line":257,"column":10},"end":{"line":257,"column":31}},"100":{"start":{"line":262,"column":4},"end":{"line":264,"column":7}},"101":{"start":{"line":265,"column":4},"end":{"line":267,"column":77}},"102":{"start":{"line":269,"column":4},"end":{"line":269,"column":25}},"103":{"start":{"line":270,"column":4},"end":{"line":272,"column":72}},"104":{"start":{"line":277,"column":43},"end":{"line":303,"column":1}},"105":{"start":{"line":278,"column":2},"end":{"line":302,"column":3}},"106":{"start":{"line":279,"column":27},"end":{"line":279,"column":66}},"107":{"start":{"line":281,"column":4},"end":{"line":285,"column":5}},"108":{"start":{"line":282,"column":6},"end":{"line":284,"column":80}},"109":{"start":{"line":287,"column":31},"end":{"line":289,"column":37}},"110":{"start":{"line":290,"column":4},"end":{"line":294,"column":5}},"111":{"start":{"line":291,"column":6},"end":{"line":293,"column":72}},"112":{"start":{"line":296,"column":4},"end":{"line":296,"column":52}},"113":{"start":{"line":298,"column":4},"end":{"line":298,"column":25}},"114":{"start":{"line":299,"column":4},"end":{"line":301,"column":73}}},"fnMap":{"0":{"name":"(anonymous_0)","decl":{"start":{"line":5,"column":37},"end":{"line":5,"column":38}},"loc":{"start":{"line":5,"column":57},"end":{"line":21,"column":1}},"line":5},"1":{"name":"(anonymous_1)","decl":{"start":{"line":24,"column":40},"end":{"line":24,"column":41}},"loc":{"start":{"line":24,"column":60},"end":{"line":42,"column":1}},"line":24},"2":{"name":"(anonymous_2)","decl":{"start":{"line":45,"column":39},"end":{"line":45,"column":40}},"loc":{"start":{"line":45,"column":59},"end":{"line":124,"column":1}},"line":45},"3":{"name":"(anonymous_3)","decl":{"start":{"line":127,"column":39},"end":{"line":127,"column":40}},"loc":{"start":{"line":127,"column":59},"end":{"line":231,"column":1}},"line":127},"4":{"name":"(anonymous_4)","decl":{"start":{"line":172,"column":38},"end":{"line":172,"column":39}},"loc":{"start":{"line":172,"column":54},"end":{"line":182,"column":7}},"line":172},"5":{"name":"(anonymous_5)","decl":{"start":{"line":187,"column":20},"end":{"line":187,"column":21}},"loc":{"start":{"line":187,"column":36},"end":{"line":213,"column":7}},"line":187},"6":{"name":"(anonymous_6)","decl":{"start":{"line":234,"column":39},"end":{"line":234,"column":40}},"loc":{"start":{"line":234,"column":59},"end":{"line":274,"column":1}},"line":234},"7":{"name":"(anonymous_7)","decl":{"start":{"line":249,"column":38},"end":{"line":249,"column":39}},"loc":{"start":{"line":249,"column":54},"end":{"line":259,"column":7}},"line":249},"8":{"name":"(anonymous_8)","decl":{"start":{"line":277,"column":43},"end":{"line":277,"column":44}},"loc":{"start":{"line":277,"column":63},"end":{"line":303,"column":1}},"line":277}},"branchMap":{"0":{"loc":{"start":{"line":10,"column":4},"end":{"line":14,"column":5}},"type":"if","locations":[{"start":{"line":10,"column":4},"end":{"line":14,"column":5}},{"start":{},"end":{}}],"line":10},"1":{"loc":{"start":{"line":30,"column":4},"end":{"line":34,"column":5}},"type":"if","locations":[{"start":{"line":30,"column":4},"end":{"line":34,"column":5}},{"start":{},"end":{}}],"line":30},"2":{"loc":{"start":{"line":58,"column":4},"end":{"line":70,"column":5}},"type":"if","locations":[{"start":{"line":58,"column":4},"end":{"line":70,"column":5}},{"start":{},"end":{}}],"line":58},"3":{"loc":{"start":{"line":59,"column":6},"end":{"line":65,"column":14}},"type":"binary-expr","locations":[{"start":{"line":59,"column":6},"end":{"line":59,"column":16}},{"start":{"line":60,"column":6},"end":{"line":60,"column":12}},{"start":{"line":61,"column":6},"end":{"line":61,"column":21}},{"start":{"line":62,"column":6},"end":{"line":62,"column":15}},{"start":{"line":63,"column":6},"end":{"line":63,"column":18}},{"start":{"line":64,"column":6},"end":{"line":64,"column":15}},{"start":{"line":65,"column":6},"end":{"line":65,"column":14}}],"line":59},"4":{"loc":{"start":{"line":75,"column":4},"end":{"line":81,"column":5}},"type":"if","locations":[{"start":{"line":75,"column":4},"end":{"line":81,"column":5}},{"start":{},"end":{}}],"line":75},"5":{"loc":{"start":{"line":87,"column":4},"end":{"line":89,"column":5}},"type":"if","locations":[{"start":{"line":87,"column":4},"end":{"line":89,"column":5}},{"start":{},"end":{}}],"line":87},"6":{"loc":{"start":{"line":91,"column":4},"end":{"line":103,"column":5}},"type":"if","locations":[{"start":{"line":91,"column":4},"end":{"line":103,"column":5}},{"start":{"line":93,"column":11},"end":{"line":103,"column":5}}],"line":91},"7":{"loc":{"start":{"line":93,"column":11},"end":{"line":103,"column":5}},"type":"if","locations":[{"start":{"line":93,"column":11},"end":{"line":103,"column":5}},{"start":{},"end":{}}],"line":93},"8":{"loc":{"start":{"line":94,"column":6},"end":{"line":95,"column":49}},"type":"binary-expr","locations":[{"start":{"line":94,"column":6},"end":{"line":94,"column":32}},{"start":{"line":95,"column":6},"end":{"line":95,"column":49}}],"line":94},"9":{"loc":{"start":{"line":97,"column":6},"end":{"line":101,"column":7}},"type":"if","locations":[{"start":{"line":97,"column":6},"end":{"line":101,"column":7}},{"start":{},"end":{}}],"line":97},"10":{"loc":{"start":{"line":132,"column":4},"end":{"line":145,"column":5}},"type":"if","locations":[{"start":{"line":132,"column":4},"end":{"line":145,"column":5}},{"start":{},"end":{}}],"line":132},"11":{"loc":{"start":{"line":133,"column":6},"end":{"line":138,"column":14}},"type":"binary-expr","locations":[{"start":{"line":133,"column":6},"end":{"line":133,"column":27}},{"start":{"line":134,"column":6},"end":{"line":134,"column":12}},{"start":{"line":135,"column":6},"end":{"line":135,"column":21}},{"start":{"line":136,"column":6},"end":{"line":136,"column":16}},{"start":{"line":137,"column":6},"end":{"line":137,"column":18}},{"start":{"line":138,"column":6},"end":{"line":138,"column":14}}],"line":133},"12":{"loc":{"start":{"line":150,"column":4},"end":{"line":154,"column":5}},"type":"if","locations":[{"start":{"line":150,"column":4},"end":{"line":154,"column":5}},{"start":{},"end":{}}],"line":150},"13":{"loc":{"start":{"line":158,"column":4},"end":{"line":162,"column":5}},"type":"if","locations":[{"start":{"line":158,"column":4},"end":{"line":162,"column":5}},{"start":{},"end":{}}],"line":158},"14":{"loc":{"start":{"line":158,"column":8},"end":{"line":158,"column":47}},"type":"binary-expr","locations":[{"start":{"line":158,"column":8},"end":{"line":158,"column":26}},{"start":{"line":158,"column":30},"end":{"line":158,"column":47}}],"line":158},"15":{"loc":{"start":{"line":164,"column":4},"end":{"line":168,"column":5}},"type":"if","locations":[{"start":{"line":164,"column":4},"end":{"line":168,"column":5}},{"start":{},"end":{}}],"line":164},"16":{"loc":{"start":{"line":164,"column":8},"end":{"line":164,"column":59}},"type":"binary-expr","locations":[{"start":{"line":164,"column":8},"end":{"line":164,"column":33}},{"start":{"line":164,"column":37},"end":{"line":164,"column":59}}],"line":164},"17":{"loc":{"start":{"line":174,"column":8},"end":{"line":181,"column":9}},"type":"if","locations":[{"start":{"line":174,"column":8},"end":{"line":181,"column":9}},{"start":{},"end":{}}],"line":174},"18":{"loc":{"start":{"line":175,"column":10},"end":{"line":179,"column":11}},"type":"if","locations":[{"start":{"line":175,"column":10},"end":{"line":179,"column":11}},{"start":{"line":177,"column":17},"end":{"line":179,"column":11}}],"line":175},"19":{"loc":{"start":{"line":177,"column":17},"end":{"line":179,"column":11}},"type":"if","locations":[{"start":{"line":177,"column":17},"end":{"line":179,"column":11}},{"start":{},"end":{}}],"line":177},"20":{"loc":{"start":{"line":188,"column":8},"end":{"line":192,"column":9}},"type":"if","locations":[{"start":{"line":188,"column":8},"end":{"line":192,"column":9}},{"start":{},"end":{}}],"line":188},"21":{"loc":{"start":{"line":188,"column":12},"end":{"line":188,"column":61}},"type":"binary-expr","locations":[{"start":{"line":188,"column":12},"end":{"line":188,"column":24}},{"start":{"line":188,"column":28},"end":{"line":188,"column":61}}],"line":188},"22":{"loc":{"start":{"line":195,"column":8},"end":{"line":199,"column":9}},"type":"if","locations":[{"start":{"line":195,"column":8},"end":{"line":199,"column":9}},{"start":{},"end":{}}],"line":195},"23":{"loc":{"start":{"line":201,"column":8},"end":{"line":210,"column":9}},"type":"if","locations":[{"start":{"line":201,"column":8},"end":{"line":210,"column":9}},{"start":{"line":203,"column":15},"end":{"line":210,"column":9}}],"line":201},"24":{"loc":{"start":{"line":203,"column":15},"end":{"line":210,"column":9}},"type":"if","locations":[{"start":{"line":203,"column":15},"end":{"line":210,"column":9}},{"start":{},"end":{}}],"line":203},"25":{"loc":{"start":{"line":204,"column":10},"end":{"line":208,"column":11}},"type":"if","locations":[{"start":{"line":204,"column":10},"end":{"line":208,"column":11}},{"start":{},"end":{}}],"line":204},"26":{"loc":{"start":{"line":241,"column":4},"end":{"line":245,"column":5}},"type":"if","locations":[{"start":{"line":241,"column":4},"end":{"line":245,"column":5}},{"start":{},"end":{}}],"line":241},"27":{"loc":{"start":{"line":251,"column":8},"end":{"line":258,"column":9}},"type":"if","locations":[{"start":{"line":251,"column":8},"end":{"line":258,"column":9}},{"start":{},"end":{}}],"line":251},"28":{"loc":{"start":{"line":252,"column":10},"end":{"line":256,"column":11}},"type":"if","locations":[{"start":{"line":252,"column":10},"end":{"line":256,"column":11}},{"start":{"line":254,"column":17},"end":{"line":256,"column":11}}],"line":252},"29":{"loc":{"start":{"line":254,"column":17},"end":{"line":256,"column":11}},"type":"if","locations":[{"start":{"line":254,"column":17},"end":{"line":256,"column":11}},{"start":{},"end":{}}],"line":254},"30":{"loc":{"start":{"line":281,"column":4},"end":{"line":285,"column":5}},"type":"if","locations":[{"start":{"line":281,"column":4},"end":{"line":285,"column":5}},{"start":{},"end":{}}],"line":281},"31":{"loc":{"start":{"line":281,"column":8},"end":{"line":281,"column":67}},"type":"binary-expr","locations":[{"start":{"line":281,"column":8},"end":{"line":281,"column":36}},{"start":{"line":281,"column":40},"end":{"line":281,"column":67}}],"line":281},"32":{"loc":{"start":{"line":290,"column":4},"end":{"line":294,"column":5}},"type":"if","locations":[{"start":{"line":290,"column":4},"end":{"line":294,"column":5}},{"start":{},"end":{}}],"line":290}},"s":{"0":1,"1":2,"2":2,"3":1,"4":0,"5":1,"6":1,"7":1,"8":0,"9":0,"10":0,"11":0,"12":0,"13":0,"14":0,"15":0,"16":1,"17":0,"18":0,"19":0,"20":0,"21":0,"22":0,"23":0,"24":0,"25":0,"26":0,"27":0,"28":0,"29":0,"30":0,"31":0,"32":0,"33":0,"34":0,"35":0,"36":0,"37":0,"38":0,"39":0,"40":0,"41":1,"42":0,"43":0,"44":0,"45":0,"46":0,"47":0,"48":0,"49":0,"50":0,"51":0,"52":0,"53":0,"54":0,"55":0,"56":0,"57":0,"58":0,"59":0,"60":0,"61":0,"62":0,"63":0,"64":0,"65":0,"66":0,"67":0,"68":0,"69":0,"70":0,"71":0,"72":0,"73":0,"74":0,"75":0,"76":0,"77":0,"78":0,"79":0,"80":0,"81":0,"82":0,"83":0,"84":0,"85":0,"86":1,"87":0,"88":0,"89":0,"90":0,"91":0,"92":0,"93":0,"94":0,"95":0,"96":0,"97":0,"98":0,"99":0,"100":0,"101":0,"102":0,"103":0,"104":1,"105":0,"106":0,"107":0,"108":0,"109":0,"110":0,"111":0,"112":0,"113":0,"114":0},"f":{"0":2,"1":0,"2":0,"3":0,"4":0,"5":0,"6":0,"7":0,"8":0},"b":{"0":[0,1],"1":[0,0],"2":[0,0],"3":[0,0,0,0,0,0,0],"4":[0,0],"5":[0,0],"6":[0,0],"7":[0,0],"8":[0,0],"9":[0,0],"10":[0,0],"11":[0,0,0,0,0,0],"12":[0,0],"13":[0,0],"14":[0,0],"15":[0,0],"16":[0,0],"17":[0,0],"18":[0,0],"19":[0,0],"20":[0,0],"21":[0,0],"22":[0,0],"23":[0,0],"24":[0,0],"25":[0,0],"26":[0,0],"27":[0,0],"28":[0,0],"29":[0,0],"30":[0,0],"31":[0,0],"32":[0,0]},"_coverageSchema":"1a1c01bbd47fc00a2c39e90264f33305004495a9","hash":"f27d94ec4ae9804738da83724748bd2c4dd0a3ab"}
,"D:\\Ingenieria de Sofware\\Semestre 7\\Proyecto de Software\\Proyecto_Ibero\\server\\controllers\\productController.js": {"path":"D:\\Ingenieria de Sofware\\Semestre 7\\Proyecto de Software\\Proyecto_Ibero\\server\\controllers\\productController.js","statementMap":{"0":{"start":{"line":4,"column":27},"end":{"line":14,"column":1}},"1":{"start":{"line":5,"column":4},"end":{"line":13,"column":5}},"2":{"start":{"line":6,"column":25},"end":{"line":6,"column":45}},"3":{"start":{"line":7,"column":8},"end":{"line":9,"column":9}},"4":{"start":{"line":8,"column":12},"end":{"line":8,"column":82}},"5":{"start":{"line":10,"column":8},"end":{"line":10,"column":46}},"6":{"start":{"line":12,"column":8},"end":{"line":12,"column":74}},"7":{"start":{"line":17,"column":32},"end":{"line":29,"column":1}},"8":{"start":{"line":18,"column":4},"end":{"line":28,"column":5}},"9":{"start":{"line":19,"column":27},"end":{"line":19,"column":37}},"10":{"start":{"line":20,"column":24},"end":{"line":20,"column":57}},"11":{"start":{"line":21,"column":8},"end":{"line":23,"column":9}},"12":{"start":{"line":22,"column":12},"end":{"line":22,"column":82}},"13":{"start":{"line":24,"column":8},"end":{"line":24,"column":45}},"14":{"start":{"line":26,"column":8},"end":{"line":26,"column":29}},"15":{"start":{"line":27,"column":8},"end":{"line":27,"column":72}},"16":{"start":{"line":32,"column":29},"end":{"line":62,"column":1}},"17":{"start":{"line":33,"column":4},"end":{"line":61,"column":5}},"18":{"start":{"line":34,"column":8},"end":{"line":34,"column":30}},"19":{"start":{"line":35,"column":96},"end":{"line":35,"column":104}},"20":{"start":{"line":36,"column":23},"end":{"line":36,"column":43}},"21":{"start":{"line":37,"column":8},"end":{"line":37,"column":28}},"22":{"start":{"line":38,"column":8},"end":{"line":40,"column":9}},"23":{"start":{"line":39,"column":12},"end":{"line":39,"column":88}},"24":{"start":{"line":42,"column":8},"end":{"line":44,"column":9}},"25":{"start":{"line":43,"column":12},"end":{"line":43,"column":97}},"26":{"start":{"line":50,"column":32},"end":{"line":50,"column":65}},"27":{"start":{"line":51,"column":8},"end":{"line":53,"column":9}},"28":{"start":{"line":52,"column":12},"end":{"line":52,"column":92}},"29":{"start":{"line":55,"column":24},"end":{"line":55,"column":124}},"30":{"start":{"line":56,"column":8},"end":{"line":56,"column":29}},"31":{"start":{"line":57,"column":8},"end":{"line":57,"column":45}},"32":{"start":{"line":60,"column":8},"end":{"line":60,"column":70}},"33":{"start":{"line":65,"column":29},"end":{"line":99,"column":1}},"34":{"start":{"line":66,"column":4},"end":{"line":98,"column":5}},"35":{"start":{"line":67,"column":27},"end":{"line":67,"column":37}},"36":{"start":{"line":68,"column":88},"end":{"line":68,"column":96}},"37":{"start":{"line":70,"column":8},"end":{"line":72,"column":9}},"38":{"start":{"line":71,"column":12},"end":{"line":71,"column":110}},"39":{"start":{"line":74,"column":8},"end":{"line":76,"column":9}},"40":{"start":{"line":75,"column":12},"end":{"line":75,"column":97}},"41":{"start":{"line":78,"column":24},"end":{"line":78,"column":57}},"42":{"start":{"line":80,"column":8},"end":{"line":82,"column":9}},"43":{"start":{"line":81,"column":12},"end":{"line":81,"column":82}},"44":{"start":{"line":84,"column":8},"end":{"line":84,"column":32}},"45":{"start":{"line":85,"column":8},"end":{"line":85,"column":42}},"46":{"start":{"line":86,"column":8},"end":{"line":86,"column":30}},"47":{"start":{"line":87,"column":8},"end":{"line":87,"column":30}},"48":{"start":{"line":88,"column":8},"end":{"line":88,"column":32}},"49":{"start":{"line":89,"column":8},"end":{"line":89,"column":32}},"50":{"start":{"line":90,"column":8},"end":{"line":90,"column":30}},"51":{"start":{"line":92,"column":8},"end":{"line":92,"column":38}},"52":{"start":{"line":93,"column":8},"end":{"line":93,"column":29}},"53":{"start":{"line":94,"column":8},"end":{"line":94,"column":45}},"54":{"start":{"line":97,"column":8},"end":{"line":97,"column":75}},"55":{"start":{"line":102,"column":34},"end":{"line":130,"column":1}},"56":{"start":{"line":103,"column":19},"end":{"line":103,"column":95}},"57":{"start":{"line":104,"column":22},"end":{"line":104,"column":75}},"58":{"start":{"line":104,"column":45},"end":{"line":104,"column":74}},"59":{"start":{"line":106,"column":4},"end":{"line":108,"column":5}},"60":{"start":{"line":107,"column":8},"end":{"line":107,"column":110}},"61":{"start":{"line":110,"column":4},"end":{"line":129,"column":5}},"62":{"start":{"line":111,"column":27},"end":{"line":111,"column":37}},"63":{"start":{"line":112,"column":24},"end":{"line":112,"column":57}},"64":{"start":{"line":114,"column":8},"end":{"line":116,"column":9}},"65":{"start":{"line":115,"column":12},"end":{"line":115,"column":82}},"66":{"start":{"line":118,"column":8},"end":{"line":122,"column":11}},"67":{"start":{"line":119,"column":12},"end":{"line":121,"column":13}},"68":{"start":{"line":120,"column":16},"end":{"line":120,"column":49}},"69":{"start":{"line":124,"column":8},"end":{"line":124,"column":29}},"70":{"start":{"line":125,"column":8},"end":{"line":125,"column":45}},"71":{"start":{"line":127,"column":8},"end":{"line":127,"column":29}},"72":{"start":{"line":128,"column":8},"end":{"line":128,"column":75}},"73":{"start":{"line":133,"column":29},"end":{"line":150,"column":1}},"74":{"start":{"line":134,"column":4},"end":{"line":149,"column":5}},"75":{"start":{"line":135,"column":27},"end":{"line":135,"column":37}},"76":{"start":{"line":136,"column":24},"end":{"line":136,"column":57}},"77":{"start":{"line":138,"column":8},"end":{"line":140,"column":9}},"78":{"start":{"line":139,"column":12},"end":{"line":139,"column":82}},"79":{"start":{"line":142,"column":8},"end":{"line":142,"column":44}},"80":{"start":{"line":143,"column":8},"end":{"line":143,"column":85}},"81":{"start":{"line":147,"column":8},"end":{"line":147,"column":29}},"82":{"start":{"line":148,"column":8},"end":{"line":148,"column":80}},"83":{"start":{"line":153,"column":34},"end":{"line":165,"column":1}},"84":{"start":{"line":154,"column":4},"end":{"line":164,"column":5}},"85":{"start":{"line":155,"column":26},"end":{"line":155,"column":36}},"86":{"start":{"line":156,"column":25},"end":{"line":156,"column":54}},"87":{"start":{"line":157,"column":8},"end":{"line":159,"column":9}},"88":{"start":{"line":158,"column":12},"end":{"line":158,"column":82}},"89":{"start":{"line":160,"column":8},"end":{"line":160,"column":46}},"90":{"start":{"line":162,"column":8},"end":{"line":162,"column":29}},"91":{"start":{"line":163,"column":8},"end":{"line":163,"column":74}},"92":{"start":{"line":168,"column":37},"end":{"line":180,"column":1}},"93":{"start":{"line":169,"column":4},"end":{"line":179,"column":5}},"94":{"start":{"line":170,"column":30},"end":{"line":170,"column":40}},"95":{"start":{"line":171,"column":25},"end":{"line":171,"column":58}},"96":{"start":{"line":172,"column":8},"end":{"line":174,"column":9}},"97":{"start":{"line":173,"column":12},"end":{"line":173,"column":82}},"98":{"start":{"line":175,"column":8},"end":{"line":175,"column":46}},"99":{"start":{"line":177,"column":8},"end":{"line":177,"column":29}},"100":{"start":{"line":178,"column":8},"end":{"line":178,"column":74}}},"fnMap":{"0":{"name":"(anonymous_0)","decl":{"start":{"line":4,"column":27},"end":{"line":4,"column":28}},"loc":{"start":{"line":4,"column":47},"end":{"line":14,"column":1}},"line":4},"1":{"name":"(anonymous_1)","decl":{"start":{"line":17,"column":32},"end":{"line":17,"column":33}},"loc":{"start":{"line":17,"column":52},"end":{"line":29,"column":1}},"line":17},"2":{"name":"(anonymous_2)","decl":{"start":{"line":32,"column":29},"end":{"line":32,"column":30}},"loc":{"start":{"line":32,"column":49},"end":{"line":62,"column":1}},"line":32},"3":{"name":"(anonymous_3)","decl":{"start":{"line":65,"column":29},"end":{"line":65,"column":30}},"loc":{"start":{"line":65,"column":49},"end":{"line":99,"column":1}},"line":65},"4":{"name":"(anonymous_4)","decl":{"start":{"line":102,"column":34},"end":{"line":102,"column":35}},"loc":{"start":{"line":102,"column":54},"end":{"line":130,"column":1}},"line":102},"5":{"name":"(anonymous_5)","decl":{"start":{"line":104,"column":34},"end":{"line":104,"column":35}},"loc":{"start":{"line":104,"column":45},"end":{"line":104,"column":74}},"line":104},"6":{"name":"(anonymous_6)","decl":{"start":{"line":118,"column":23},"end":{"line":118,"column":24}},"loc":{"start":{"line":118,"column":34},"end":{"line":122,"column":9}},"line":118},"7":{"name":"(anonymous_7)","decl":{"start":{"line":133,"column":29},"end":{"line":133,"column":30}},"loc":{"start":{"line":133,"column":49},"end":{"line":150,"column":1}},"line":133},"8":{"name":"(anonymous_8)","decl":{"start":{"line":153,"column":34},"end":{"line":153,"column":35}},"loc":{"start":{"line":153,"column":54},"end":{"line":165,"column":1}},"line":153},"9":{"name":"(anonymous_9)","decl":{"start":{"line":168,"column":37},"end":{"line":168,"column":38}},"loc":{"start":{"line":168,"column":57},"end":{"line":180,"column":1}},"line":168}},"branchMap":{"0":{"loc":{"start":{"line":7,"column":8},"end":{"line":9,"column":9}},"type":"if","locations":[{"start":{"line":7,"column":8},"end":{"line":9,"column":9}},{"start":{},"end":{}}],"line":7},"1":{"loc":{"start":{"line":21,"column":8},"end":{"line":23,"column":9}},"type":"if","locations":[{"start":{"line":21,"column":8},"end":{"line":23,"column":9}},{"start":{},"end":{}}],"line":21},"2":{"loc":{"start":{"line":38,"column":8},"end":{"line":40,"column":9}},"type":"if","locations":[{"start":{"line":38,"column":8},"end":{"line":40,"column":9}},{"start":{},"end":{}}],"line":38},"3":{"loc":{"start":{"line":38,"column":12},"end":{"line":38,"column":102}},"type":"binary-expr","locations":[{"start":{"line":38,"column":12},"end":{"line":38,"column":19}},{"start":{"line":38,"column":23},"end":{"line":38,"column":30}},{"start":{"line":38,"column":34},"end":{"line":38,"column":46}},{"start":{"line":38,"column":50},"end":{"line":38,"column":56}},{"start":{"line":38,"column":60},"end":{"line":38,"column":66}},{"start":{"line":38,"column":70},"end":{"line":38,"column":77}},{"start":{"line":38,"column":81},"end":{"line":38,"column":88}},{"start":{"line":38,"column":92},"end":{"line":38,"column":102}}],"line":38},"4":{"loc":{"start":{"line":42,"column":8},"end":{"line":44,"column":9}},"type":"if","locations":[{"start":{"line":42,"column":8},"end":{"line":44,"column":9}},{"start":{},"end":{}}],"line":42},"5":{"loc":{"start":{"line":51,"column":8},"end":{"line":53,"column":9}},"type":"if","locations":[{"start":{"line":51,"column":8},"end":{"line":53,"column":9}},{"start":{},"end":{}}],"line":51},"6":{"loc":{"start":{"line":70,"column":8},"end":{"line":72,"column":9}},"type":"if","locations":[{"start":{"line":70,"column":8},"end":{"line":72,"column":9}},{"start":{},"end":{}}],"line":70},"7":{"loc":{"start":{"line":70,"column":12},"end":{"line":70,"column":80}},"type":"binary-expr","locations":[{"start":{"line":70,"column":12},"end":{"line":70,"column":19}},{"start":{"line":70,"column":23},"end":{"line":70,"column":35}},{"start":{"line":70,"column":39},"end":{"line":70,"column":45}},{"start":{"line":70,"column":49},"end":{"line":70,"column":55}},{"start":{"line":70,"column":59},"end":{"line":70,"column":66}},{"start":{"line":70,"column":70},"end":{"line":70,"column":80}}],"line":70},"8":{"loc":{"start":{"line":74,"column":8},"end":{"line":76,"column":9}},"type":"if","locations":[{"start":{"line":74,"column":8},"end":{"line":76,"column":9}},{"start":{},"end":{}}],"line":74},"9":{"loc":{"start":{"line":80,"column":8},"end":{"line":82,"column":9}},"type":"if","locations":[{"start":{"line":80,"column":8},"end":{"line":82,"column":9}},{"start":{},"end":{}}],"line":80},"10":{"loc":{"start":{"line":106,"column":4},"end":{"line":108,"column":5}},"type":"if","locations":[{"start":{"line":106,"column":4},"end":{"line":108,"column":5}},{"start":{},"end":{}}],"line":106},"11":{"loc":{"start":{"line":114,"column":8},"end":{"line":116,"column":9}},"type":"if","locations":[{"start":{"line":114,"column":8},"end":{"line":116,"column":9}},{"start":{},"end":{}}],"line":114},"12":{"loc":{"start":{"line":119,"column":12},"end":{"line":121,"column":13}},"type":"if","locations":[{"start":{"line":119,"column":12},"end":{"line":121,"column":13}},{"start":{},"end":{}}],"line":119},"13":{"loc":{"start":{"line":138,"column":8},"end":{"line":140,"column":9}},"type":"if","locations":[{"start":{"line":138,"column":8},"end":{"line":140,"column":9}},{"start":{},"end":{}}],"line":138},"14":{"loc":{"start":{"line":157,"column":8},"end":{"line":159,"column":9}},"type":"if","locations":[{"start":{"line":157,"column":8},"end":{"line":159,"column":9}},{"start":{},"end":{}}],"line":157},"15":{"loc":{"start":{"line":172,"column":8},"end":{"line":174,"column":9}},"type":"if","locations":[{"start":{"line":172,"column":8},"end":{"line":174,"column":9}},{"start":{},"end":{}}],"line":172}},"s":{"0":1,"1":2,"2":2,"3":1,"4":0,"5":1,"6":1,"7":1,"8":0,"9":0,"10":0,"11":0,"12":0,"13":0,"14":0,"15":0,"16":1,"17":0,"18":0,"19":0,"20":0,"21":0,"22":0,"23":0,"24":0,"25":0,"26":0,"27":0,"28":0,"29":0,"30":0,"31":0,"32":0,"33":1,"34":2,"35":2,"36":2,"37":2,"38":0,"39":2,"40":0,"41":2,"42":1,"43":0,"44":1,"45":1,"46":1,"47":1,"48":1,"49":1,"50":1,"51":1,"52":1,"53":1,"54":1,"55":1,"56":0,"57":0,"58":0,"59":0,"60":0,"61":0,"62":0,"63":0,"64":0,"65":0,"66":0,"67":0,"68":0,"69":0,"70":0,"71":0,"72":0,"73":1,"74":0,"75":0,"76":0,"77":0,"78":0,"79":0,"80":0,"81":0,"82":0,"83":1,"84":0,"85":0,"86":0,"87":0,"88":0,"89":0,"90":0,"91":0,"92":1,"93":0,"94":0,"95":0,"96":0,"97":0,"98":0,"99":0,"100":0},"f":{"0":2,"1":0,"2":0,"3":2,"4":0,"5":0,"6":0,"7":0,"8":0,"9":0},"b":{"0":[0,1],"1":[0,0],"2":[0,0],"3":[0,0,0,0,0,0,0,0],"4":[0,0],"5":[0,0],"6":[0,2],"7":[2,2,2,2,2,2],"8":[0,2],"9":[0,1],"10":[0,0],"11":[0,0],"12":[0,0],"13":[0,0],"14":[0,0],"15":[0,0]},"_coverageSchema":"1a1c01bbd47fc00a2c39e90264f33305004495a9","hash":"2606f5ab9c3bb0db962cf327e3af0626036ecc13"}
,"D:\\Ingenieria de Sofware\\Semestre 7\\Proyecto de Software\\Proyecto_Ibero\\server\\controllers\\userController.js": {"path":"D:\\Ingenieria de Sofware\\Semestre 7\\Proyecto de Software\\Proyecto_Ibero\\server\\controllers\\userController.js","statementMap":{"0":{"start":{"line":4,"column":4},"end":{"line":9,"column":5}},"1":{"start":{"line":5,"column":22},"end":{"line":5,"column":41}},"2":{"start":{"line":6,"column":8},"end":{"line":6,"column":36}},"3":{"start":{"line":8,"column":8},"end":{"line":8,"column":63}},"4":{"start":{"line":13,"column":4},"end":{"line":19,"column":5}},"5":{"start":{"line":14,"column":24},"end":{"line":14,"column":34}},"6":{"start":{"line":15,"column":22},"end":{"line":15,"column":50}},"7":{"start":{"line":16,"column":8},"end":{"line":16,"column":36}},"8":{"start":{"line":18,"column":8},"end":{"line":18,"column":63}},"9":{"start":{"line":23,"column":4},"end":{"line":43,"column":5}},"10":{"start":{"line":24,"column":8},"end":{"line":26,"column":9}},"11":{"start":{"line":25,"column":12},"end":{"line":25,"column":75}},"12":{"start":{"line":27,"column":21},"end":{"line":27,"column":29}},"13":{"start":{"line":28,"column":24},"end":{"line":28,"column":28}},"14":{"start":{"line":29,"column":27},"end":{"line":29,"column":46}},"15":{"start":{"line":30,"column":8},"end":{"line":30,"column":32}},"16":{"start":{"line":32,"column":26},"end":{"line":32,"column":58}},"17":{"start":{"line":35,"column":8},"end":{"line":37,"column":9}},"18":{"start":{"line":36,"column":12},"end":{"line":36,"column":80}},"19":{"start":{"line":38,"column":21},"end":{"line":38,"column":46}},"20":{"start":{"line":39,"column":8},"end":{"line":39,"column":64}},"21":{"start":{"line":42,"column":8},"end":{"line":42,"column":63}},"22":{"start":{"line":47,"column":4},"end":{"line":61,"column":5}},"23":{"start":{"line":48,"column":21},"end":{"line":48,"column":29}},"24":{"start":{"line":49,"column":24},"end":{"line":49,"column":28}},"25":{"start":{"line":50,"column":27},"end":{"line":50,"column":46}},"26":{"start":{"line":51,"column":8},"end":{"line":51,"column":32}},"27":{"start":{"line":53,"column":26},"end":{"line":53,"column":58}},"28":{"start":{"line":54,"column":8},"end":{"line":56,"column":9}},"29":{"start":{"line":55,"column":12},"end":{"line":55,"column":80}},"30":{"start":{"line":57,"column":24},"end":{"line":57,"column":60}},"31":{"start":{"line":58,"column":8},"end":{"line":58,"column":38}},"32":{"start":{"line":60,"column":8},"end":{"line":60,"column":63}},"33":{"start":{"line":65,"column":1},"end":{"line":75,"column":2}},"34":{"start":{"line":66,"column":18},"end":{"line":66,"column":32}},"35":{"start":{"line":67,"column":17},"end":{"line":67,"column":44}},"36":{"start":{"line":68,"column":4},"end":{"line":70,"column":5}},"37":{"start":{"line":69,"column":8},"end":{"line":69,"column":76}},"38":{"start":{"line":71,"column":20},"end":{"line":71,"column":42}},"39":{"start":{"line":72,"column":4},"end":{"line":72,"column":34}},"40":{"start":{"line":74,"column":4},"end":{"line":74,"column":58}}},"fnMap":{"0":{"name":"getAll","decl":{"start":{"line":3,"column":22},"end":{"line":3,"column":28}},"loc":{"start":{"line":3,"column":38},"end":{"line":10,"column":1}},"line":3},"1":{"name":"getByState","decl":{"start":{"line":12,"column":22},"end":{"line":12,"column":32}},"loc":{"start":{"line":12,"column":42},"end":{"line":20,"column":1}},"line":12},"2":{"name":"createUser","decl":{"start":{"line":22,"column":22},"end":{"line":22,"column":32}},"loc":{"start":{"line":22,"column":41},"end":{"line":44,"column":1}},"line":22},"3":{"name":"updatedUser","decl":{"start":{"line":46,"column":22},"end":{"line":46,"column":33}},"loc":{"start":{"line":46,"column":42},"end":{"line":62,"column":1}},"line":46},"4":{"name":"deleteUserByEmail","decl":{"start":{"line":64,"column":22},"end":{"line":64,"column":39}},"loc":{"start":{"line":64,"column":49},"end":{"line":76,"column":1}},"line":64}},"branchMap":{"0":{"loc":{"start":{"line":24,"column":8},"end":{"line":26,"column":9}},"type":"if","locations":[{"start":{"line":24,"column":8},"end":{"line":26,"column":9}},{"start":{},"end":{}}],"line":24},"1":{"loc":{"start":{"line":35,"column":8},"end":{"line":37,"column":9}},"type":"if","locations":[{"start":{"line":35,"column":8},"end":{"line":37,"column":9}},{"start":{},"end":{}}],"line":35},"2":{"loc":{"start":{"line":54,"column":8},"end":{"line":56,"column":9}},"type":"if","locations":[{"start":{"line":54,"column":8},"end":{"line":56,"column":9}},{"start":{},"end":{}}],"line":54},"3":{"loc":{"start":{"line":68,"column":4},"end":{"line":70,"column":5}},"type":"if","locations":[{"start":{"line":68,"column":4},"end":{"line":70,"column":5}},{"start":{},"end":{}}],"line":68}},"s":{"0":2,"1":2,"2":1,"3":1,"4":0,"5":0,"6":0,"7":0,"8":0,"9":2,"10":2,"11":0,"12":2,"13":2,"14":2,"15":2,"16":2,"17":2,"18":0,"19":2,"20":1,"21":1,"22":0,"23":0,"24":0,"25":0,"26":0,"27":0,"28":0,"29":0,"30":0,"31":0,"32":0,"33":0,"34":0,"35":0,"36":0,"37":0,"38":0,"39":0,"40":0},"f":{"0":2,"1":0,"2":2,"3":0,"4":0},"b":{"0":[0,2],"1":[0,2],"2":[0,0],"3":[0,0]},"_coverageSchema":"1a1c01bbd47fc00a2c39e90264f33305004495a9","hash":"43417cef1ff074f9b0cb297de77ed5b816650387"}
,"D:\\Ingenieria de Sofware\\Semestre 7\\Proyecto de Software\\Proyecto_Ibero\\server\\models\\product.js": {"path":"D:\\Ingenieria de Sofware\\Semestre 7\\Proyecto de Software\\Proyecto_Ibero\\server\\models\\product.js","statementMap":{"0":{"start":{"line":3,"column":29},"end":{"line":17,"column":1}},"1":{"start":{"line":19,"column":16},"end":{"line":19,"column":56}}},"fnMap":{},"branchMap":{},"s":{"0":1,"1":1},"f":{},"b":{},"_coverageSchema":"1a1c01bbd47fc00a2c39e90264f33305004495a9","hash":"2f7b73ba22bb188e37b8a2307581b02909fdec59"}
,"D:\\Ingenieria de Sofware\\Semestre 7\\Proyecto de Software\\Proyecto_Ibero\\server\\services\\userService.js": {"path":"D:\\Ingenieria de Sofware\\Semestre 7\\Proyecto de Software\\Proyecto_Ibero\\server\\services\\userService.js","statementMap":{"0":{"start":{"line":4,"column":4},"end":{"line":9,"column":5}},"1":{"start":{"line":5,"column":22},"end":{"line":5,"column":55}},"2":{"start":{"line":6,"column":8},"end":{"line":6,"column":21}},"3":{"start":{"line":8,"column":8},"end":{"line":8,"column":65}},"4":{"start":{"line":13,"column":4},"end":{"line":18,"column":5}},"5":{"start":{"line":14,"column":22},"end":{"line":14,"column":52}},"6":{"start":{"line":15,"column":8},"end":{"line":15,"column":21}},"7":{"start":{"line":17,"column":8},"end":{"line":17,"column":73}},"8":{"start":{"line":22,"column":4},"end":{"line":27,"column":5}},"9":{"start":{"line":23,"column":21},"end":{"line":23,"column":55}},"10":{"start":{"line":24,"column":8},"end":{"line":24,"column":20}},"11":{"start":{"line":26,"column":8},"end":{"line":26,"column":73}},"12":{"start":{"line":31,"column":4},"end":{"line":36,"column":5}},"13":{"start":{"line":32,"column":22},"end":{"line":32,"column":43}},"14":{"start":{"line":33,"column":8},"end":{"line":33,"column":19}},"15":{"start":{"line":35,"column":8},"end":{"line":35,"column":65}},"16":{"start":{"line":40,"column":4},"end":{"line":62,"column":5}},"17":{"start":{"line":49,"column":12},"end":{"line":49,"column":20}},"18":{"start":{"line":51,"column":8},"end":{"line":51,"column":35}},"19":{"start":{"line":52,"column":8},"end":{"line":52,"column":33}},"20":{"start":{"line":53,"column":8},"end":{"line":53,"column":33}},"21":{"start":{"line":54,"column":8},"end":{"line":54,"column":27}},"22":{"start":{"line":55,"column":8},"end":{"line":55,"column":25}},"23":{"start":{"line":56,"column":8},"end":{"line":56,"column":33}},"24":{"start":{"line":57,"column":8},"end":{"line":57,"column":27}},"25":{"start":{"line":58,"column":8},"end":{"line":58,"column":26}},"26":{"start":{"line":59,"column":8},"end":{"line":59,"column":48}},"27":{"start":{"line":61,"column":8},"end":{"line":61,"column":65}},"28":{"start":{"line":66,"column":4},"end":{"line":73,"column":5}},"29":{"start":{"line":67,"column":8},"end":{"line":67,"column":35}},"30":{"start":{"line":68,"column":8},"end":{"line":68,"column":33}},"31":{"start":{"line":69,"column":8},"end":{"line":69,"column":26}},"32":{"start":{"line":70,"column":8},"end":{"line":70,"column":48}},"33":{"start":{"line":72,"column":8},"end":{"line":72,"column":64}}},"fnMap":{"0":{"name":"getAllUsers","decl":{"start":{"line":3,"column":15},"end":{"line":3,"column":26}},"loc":{"start":{"line":3,"column":28},"end":{"line":10,"column":1}},"line":3},"1":{"name":"getUsersByState","decl":{"start":{"line":12,"column":15},"end":{"line":12,"column":30}},"loc":{"start":{"line":12,"column":38},"end":{"line":19,"column":1}},"line":12},"2":{"name":"getUserByEmail","decl":{"start":{"line":21,"column":15},"end":{"line":21,"column":29}},"loc":{"start":{"line":21,"column":36},"end":{"line":28,"column":1}},"line":21},"3":{"name":"createNewUser","decl":{"start":{"line":30,"column":15},"end":{"line":30,"column":28}},"loc":{"start":{"line":30,"column":39},"end":{"line":37,"column":1}},"line":30},"4":{"name":"updateUserServ","decl":{"start":{"line":39,"column":15},"end":{"line":39,"column":29}},"loc":{"start":{"line":39,"column":45},"end":{"line":63,"column":1}},"line":39},"5":{"name":"deleteUser","decl":{"start":{"line":65,"column":15},"end":{"line":65,"column":25}},"loc":{"start":{"line":65,"column":32},"end":{"line":74,"column":1}},"line":65}},"branchMap":{},"s":{"0":2,"1":2,"2":1,"3":1,"4":0,"5":0,"6":0,"7":0,"8":2,"9":2,"10":2,"11":0,"12":2,"13":2,"14":2,"15":0,"16":0,"17":0,"18":0,"19":0,"20":0,"21":0,"22":0,"23":0,"24":0,"25":0,"26":0,"27":0,"28":0,"29":0,"30":0,"31":0,"32":0,"33":0},"f":{"0":2,"1":0,"2":2,"3":2,"4":0,"5":0},"b":{},"_coverageSchema":"1a1c01bbd47fc00a2c39e90264f33305004495a9","hash":"d935a0afb8d162e7c7af16375fca836a0c34de1a"}
}
