TN:
SF:controllers\inventoryMovementController.js
FN:5,(anonymous_0)
FN:24,(anonymous_1)
FN:45,(anonymous_2)
FN:127,(anonymous_3)
FN:172,(anonymous_4)
FN:187,(anonymous_5)
FN:234,(anonymous_6)
FN:249,(anonymous_7)
FN:277,(anonymous_8)
FNF:9
FNH:1
FNDA:2,(anonymous_0)
FNDA:0,(anonymous_1)
FNDA:0,(anonymous_2)
FNDA:0,(anonymous_3)
FNDA:0,(anonymous_4)
FNDA:0,(anonymous_5)
FNDA:0,(anonymous_6)
FNDA:0,(anonymous_7)
FNDA:0,(anonymous_8)
DA:5,1
DA:6,2
DA:7,2
DA:10,1
DA:11,0
DA:15,1
DA:17,1
DA:24,1
DA:25,0
DA:26,0
DA:27,0
DA:30,0
DA:31,0
DA:35,0
DA:37,0
DA:38,0
DA:45,1
DA:46,0
DA:47,0
DA:55,0
DA:56,0
DA:58,0
DA:67,0
DA:72,0
DA:75,0
DA:76,0
DA:85,0
DA:87,0
DA:88,0
DA:91,0
DA:92,0
DA:93,0
DA:97,0
DA:98,0
DA:102,0
DA:105,0
DA:107,0
DA:116,0
DA:117,0
DA:119,0
DA:120,0
DA:127,1
DA:128,0
DA:129,0
DA:130,0
DA:132,0
DA:140,0
DA:147,0
DA:150,0
DA:151,0
DA:156,0
DA:158,0
DA:159,0
DA:164,0
DA:165,0
DA:171,0
DA:173,0
DA:174,0
DA:175,0
DA:176,0
DA:177,0
DA:178,0
DA:180,0
DA:186,0
DA:188,0
DA:189,0
DA:194,0
DA:195,0
DA:196,0
DA:201,0
DA:202,0
DA:203,0
DA:204,0
DA:205,0
DA:209,0
DA:212,0
DA:216,0
DA:217,0
DA:218,0
DA:219,0
DA:220,0
DA:221,0
DA:223,0
DA:224,0
DA:226,0
DA:227,0
DA:234,1
DA:235,0
DA:236,0
DA:237,0
DA:241,0
DA:242,0
DA:248,0
DA:250,0
DA:251,0
DA:252,0
DA:253,0
DA:254,0
DA:255,0
DA:257,0
DA:262,0
DA:265,0
DA:269,0
DA:270,0
DA:277,1
DA:278,0
DA:279,0
DA:281,0
DA:282,0
DA:287,0
DA:290,0
DA:291,0
DA:296,0
DA:298,0
DA:299,0
LF:115
LH:11
BRDA:10,0,0,0
BRDA:10,0,1,1
BRDA:30,1,0,0
BRDA:30,1,1,0
BRDA:58,2,0,0
BRDA:58,2,1,0
BRDA:59,3,0,0
BRDA:59,3,1,0
BRDA:59,3,2,0
BRDA:59,3,3,0
BRDA:59,3,4,0
BRDA:59,3,5,0
BRDA:59,3,6,0
BRDA:75,4,0,0
BRDA:75,4,1,0
BRDA:87,5,0,0
BRDA:87,5,1,0
BRDA:91,6,0,0
BRDA:91,6,1,0
BRDA:93,7,0,0
BRDA:93,7,1,0
BRDA:94,8,0,0
BRDA:94,8,1,0
BRDA:97,9,0,0
BRDA:97,9,1,0
BRDA:132,10,0,0
BRDA:132,10,1,0
BRDA:133,11,0,0
BRDA:133,11,1,0
BRDA:133,11,2,0
BRDA:133,11,3,0
BRDA:133,11,4,0
BRDA:133,11,5,0
BRDA:150,12,0,0
BRDA:150,12,1,0
BRDA:158,13,0,0
BRDA:158,13,1,0
BRDA:158,14,0,0
BRDA:158,14,1,0
BRDA:164,15,0,0
BRDA:164,15,1,0
BRDA:164,16,0,0
BRDA:164,16,1,0
BRDA:174,17,0,0
BRDA:174,17,1,0
BRDA:175,18,0,0
BRDA:175,18,1,0
BRDA:177,19,0,0
BRDA:177,19,1,0
BRDA:188,20,0,0
BRDA:188,20,1,0
BRDA:188,21,0,0
BRDA:188,21,1,0
BRDA:195,22,0,0
BRDA:195,22,1,0
BRDA:201,23,0,0
BRDA:201,23,1,0
BRDA:203,24,0,0
BRDA:203,24,1,0
BRDA:204,25,0,0
BRDA:204,25,1,0
BRDA:241,26,0,0
BRDA:241,26,1,0
BRDA:251,27,0,0
BRDA:251,27,1,0
BRDA:252,28,0,0
BRDA:252,28,1,0
BRDA:254,29,0,0
BRDA:254,29,1,0
BRDA:281,30,0,0
BRDA:281,30,1,0
BRDA:281,31,0,0
BRDA:281,31,1,0
BRDA:290,32,0,0
BRDA:290,32,1,0
BRF:75
BRH:1
end_of_record
TN:
SF:controllers\productController.js
FN:4,(anonymous_0)
FN:17,(anonymous_1)
FN:32,(anonymous_2)
FN:65,(anonymous_3)
FN:102,(anonymous_4)
FN:104,(anonymous_5)
FN:118,(anonymous_6)
FN:133,(anonymous_7)
FN:153,(anonymous_8)
FN:168,(anonymous_9)
FNF:10
FNH:2
FNDA:2,(anonymous_0)
FNDA:0,(anonymous_1)
FNDA:0,(anonymous_2)
FNDA:2,(anonymous_3)
FNDA:0,(anonymous_4)
FNDA:0,(anonymous_5)
FNDA:0,(anonymous_6)
FNDA:0,(anonymous_7)
FNDA:0,(anonymous_8)
FNDA:0,(anonymous_9)
DA:4,1
DA:5,2
DA:6,2
DA:7,1
DA:8,0
DA:10,1
DA:12,1
DA:17,1
DA:18,0
DA:19,0
DA:20,0
DA:21,0
DA:22,0
DA:24,0
DA:26,0
DA:27,0
DA:32,1
DA:33,0
DA:34,0
DA:35,0
DA:36,0
DA:37,0
DA:38,0
DA:39,0
DA:42,0
DA:43,0
DA:50,0
DA:51,0
DA:52,0
DA:55,0
DA:56,0
DA:57,0
DA:60,0
DA:65,1
DA:66,2
DA:67,2
DA:68,2
DA:70,2
DA:71,0
DA:74,2
DA:75,0
DA:78,2
DA:80,1
DA:81,0
DA:84,1
DA:85,1
DA:86,1
DA:87,1
DA:88,1
DA:89,1
DA:90,1
DA:92,1
DA:93,1
DA:94,1
DA:97,1
DA:102,1
DA:103,0
DA:104,0
DA:106,0
DA:107,0
DA:110,0
DA:111,0
DA:112,0
DA:114,0
DA:115,0
DA:118,0
DA:119,0
DA:120,0
DA:124,0
DA:125,0
DA:127,0
DA:128,0
DA:133,1
DA:134,0
DA:135,0
DA:136,0
DA:138,0
DA:139,0
DA:142,0
DA:143,0
DA:147,0
DA:148,0
DA:153,1
DA:154,0
DA:155,0
DA:156,0
DA:157,0
DA:158,0
DA:160,0
DA:162,0
DA:163,0
DA:168,1
DA:169,0
DA:170,0
DA:171,0
DA:172,0
DA:173,0
DA:175,0
DA:177,0
DA:178,0
LF:100
LH:31
BRDA:7,0,0,0
BRDA:7,0,1,1
BRDA:21,1,0,0
BRDA:21,1,1,0
BRDA:38,2,0,0
BRDA:38,2,1,0
BRDA:38,3,0,0
BRDA:38,3,1,0
BRDA:38,3,2,0
BRDA:38,3,3,0
BRDA:38,3,4,0
BRDA:38,3,5,0
BRDA:38,3,6,0
BRDA:38,3,7,0
BRDA:42,4,0,0
BRDA:42,4,1,0
BRDA:51,5,0,0
BRDA:51,5,1,0
BRDA:70,6,0,0
BRDA:70,6,1,2
BRDA:70,7,0,2
BRDA:70,7,1,2
BRDA:70,7,2,2
BRDA:70,7,3,2
BRDA:70,7,4,2
BRDA:70,7,5,2
BRDA:74,8,0,0
BRDA:74,8,1,2
BRDA:80,9,0,0
BRDA:80,9,1,1
BRDA:106,10,0,0
BRDA:106,10,1,0
BRDA:114,11,0,0
BRDA:114,11,1,0
BRDA:119,12,0,0
BRDA:119,12,1,0
BRDA:138,13,0,0
BRDA:138,13,1,0
BRDA:157,14,0,0
BRDA:157,14,1,0
BRDA:172,15,0,0
BRDA:172,15,1,0
BRF:42
BRH:10
end_of_record
TN:
SF:controllers\userController.js
FN:3,getAll
FN:12,getByState
FN:22,createUser
FN:46,updatedUser
FN:64,deleteUserByEmail
FNF:5
FNH:2
FNDA:2,getAll
FNDA:0,getByState
FNDA:2,createUser
FNDA:0,updatedUser
FNDA:0,deleteUserByEmail
DA:4,2
DA:5,2
DA:6,1
DA:8,1
DA:13,0
DA:14,0
DA:15,0
DA:16,0
DA:18,0
DA:23,2
DA:24,2
DA:25,0
DA:27,2
DA:28,2
DA:29,2
DA:30,2
DA:32,2
DA:35,2
DA:36,0
DA:38,2
DA:39,1
DA:42,1
DA:47,0
DA:48,0
DA:49,0
DA:50,0
DA:51,0
DA:53,0
DA:54,0
DA:55,0
DA:57,0
DA:58,0
DA:60,0
DA:65,0
DA:66,0
DA:67,0
DA:68,0
DA:69,0
DA:71,0
DA:72,0
DA:74,0
LF:41
LH:15
BRDA:24,0,0,0
BRDA:24,0,1,2
BRDA:35,1,0,0
BRDA:35,1,1,2
BRDA:54,2,0,0
BRDA:54,2,1,0
BRDA:68,3,0,0
BRDA:68,3,1,0
BRF:8
BRH:2
end_of_record
TN:
SF:models\product.js
FNF:0
FNH:0
DA:3,1
DA:19,1
LF:2
LH:2
BRF:0
BRH:0
end_of_record
TN:
SF:services\userService.js
FN:3,getAllUsers
FN:12,getUsersByState
FN:21,getUserByEmail
FN:30,createNewUser
FN:39,updateUserServ
FN:65,deleteUser
FNF:6
FNH:3
FNDA:2,getAllUsers
FNDA:0,getUsersByState
FNDA:2,getUserByEmail
FNDA:2,createNewUser
FNDA:0,updateUserServ
FNDA:0,deleteUser
DA:4,2
DA:5,2
DA:6,1
DA:8,1
DA:13,0
DA:14,0
DA:15,0
DA:17,0
DA:22,2
DA:23,2
DA:24,2
DA:26,0
DA:31,2
DA:32,2
DA:33,2
DA:35,0
DA:40,0
DA:49,0
DA:51,0
DA:52,0
DA:53,0
DA:54,0
DA:55,0
DA:56,0
DA:57,0
DA:58,0
DA:59,0
DA:61,0
DA:66,0
DA:67,0
DA:68,0
DA:69,0
DA:70,0
DA:72,0
LF:34
LH:10
BRF:0
BRH:0
end_of_record
